org.springframework.web.servlet.DispatcherServlet 2017-10-28 22:06:09 -- INFO -- FrameworkServlet 'springmvc': initialization started
org.springframework.web.context.support.XmlWebApplicationContext 2017-10-28 22:06:09 -- INFO -- Refreshing WebApplicationContext for namespace 'springmvc-servlet': startup date [Sat Oct 28 22:06:09 CST 2017]; parent: Root WebApplicationContext
org.springframework.beans.factory.xml.XmlBeanDefinitionReader 2017-10-28 22:06:09 -- INFO -- Loading XML bean definitions from class path resource [spring-servlet.xml]
org.springframework.web.servlet.mvc.method.annotation.RequestMappingHandlerMapping 2017-10-28 22:06:09 -- INFO -- Mapped "{[/user/save],methods=[],params=[],headers=[],consumes=[],produces=[],custom=[]}" onto public com.ssm.common.JsonResult com.ssm.user.controller.UserController.save(com.ssm.user.vo.UserVO)
org.springframework.web.servlet.mvc.method.annotation.RequestMappingHandlerMapping 2017-10-28 22:06:09 -- INFO -- Mapped "{[/user/delete],methods=[],params=[],headers=[],consumes=[],produces=[],custom=[]}" onto public com.ssm.common.JsonResult com.ssm.user.controller.UserController.delete(java.lang.Integer)
org.springframework.web.servlet.mvc.method.annotation.RequestMappingHandlerMapping 2017-10-28 22:06:09 -- INFO -- Mapped "{[/user/update],methods=[],params=[],headers=[],consumes=[],produces=[],custom=[]}" onto public com.ssm.common.JsonResult com.ssm.user.controller.UserController.update(com.ssm.user.vo.UserVO)
org.springframework.web.servlet.mvc.method.annotation.RequestMappingHandlerMapping 2017-10-28 22:06:09 -- INFO -- Mapped "{[/user/select],methods=[],params=[],headers=[],consumes=[],produces=[],custom=[]}" onto public com.ssm.common.JsonResult com.ssm.user.controller.UserController.select()
org.springframework.web.servlet.handler.SimpleUrlHandlerMapping 2017-10-28 22:06:10 -- INFO -- Mapped URL path [/css/**] onto handler 'org.springframework.web.servlet.resource.ResourceHttpRequestHandler#0'
org.springframework.web.servlet.handler.SimpleUrlHandlerMapping 2017-10-28 22:06:10 -- INFO -- Mapped URL path [/images/**] onto handler 'org.springframework.web.servlet.resource.ResourceHttpRequestHandler#1'
org.springframework.web.servlet.handler.SimpleUrlHandlerMapping 2017-10-28 22:06:10 -- INFO -- Mapped URL path [/js/**] onto handler 'org.springframework.web.servlet.resource.ResourceHttpRequestHandler#2'
org.springframework.web.servlet.handler.SimpleUrlHandlerMapping 2017-10-28 22:06:10 -- INFO -- Mapped URL path [/upload/**] onto handler 'org.springframework.web.servlet.resource.ResourceHttpRequestHandler#3'
org.springframework.web.servlet.DispatcherServlet 2017-10-28 22:06:10 -- INFO -- FrameworkServlet 'springmvc': initialization completed in 1292 ms
org.springframework.web.servlet.DispatcherServlet 2017-10-28 22:10:13 -- INFO -- FrameworkServlet 'springmvc': initialization started
org.springframework.web.context.support.XmlWebApplicationContext 2017-10-28 22:10:13 -- INFO -- Refreshing WebApplicationContext for namespace 'springmvc-servlet': startup date [Sat Oct 28 22:10:13 CST 2017]; parent: Root WebApplicationContext
org.springframework.beans.factory.xml.XmlBeanDefinitionReader 2017-10-28 22:10:13 -- INFO -- Loading XML bean definitions from class path resource [spring-servlet.xml]
org.springframework.web.servlet.mvc.method.annotation.RequestMappingHandlerMapping 2017-10-28 22:10:13 -- INFO -- Mapped "{[/user/save],methods=[],params=[],headers=[],consumes=[],produces=[],custom=[]}" onto public com.ssm.common.JsonResult com.ssm.user.controller.UserController.save(com.ssm.user.vo.UserVO)
org.springframework.web.servlet.mvc.method.annotation.RequestMappingHandlerMapping 2017-10-28 22:10:13 -- INFO -- Mapped "{[/user/delete],methods=[],params=[],headers=[],consumes=[],produces=[],custom=[]}" onto public com.ssm.common.JsonResult com.ssm.user.controller.UserController.delete(java.lang.Integer)
org.springframework.web.servlet.mvc.method.annotation.RequestMappingHandlerMapping 2017-10-28 22:10:13 -- INFO -- Mapped "{[/user/update],methods=[],params=[],headers=[],consumes=[],produces=[],custom=[]}" onto public com.ssm.common.JsonResult com.ssm.user.controller.UserController.update(com.ssm.user.vo.UserVO)
org.springframework.web.servlet.mvc.method.annotation.RequestMappingHandlerMapping 2017-10-28 22:10:13 -- INFO -- Mapped "{[/user/select],methods=[],params=[],headers=[],consumes=[],produces=[],custom=[]}" onto public com.ssm.common.JsonResult com.ssm.user.controller.UserController.select()
org.springframework.web.servlet.handler.SimpleUrlHandlerMapping 2017-10-28 22:10:14 -- INFO -- Mapped URL path [/css/**] onto handler 'org.springframework.web.servlet.resource.ResourceHttpRequestHandler#0'
org.springframework.web.servlet.handler.SimpleUrlHandlerMapping 2017-10-28 22:10:14 -- INFO -- Mapped URL path [/images/**] onto handler 'org.springframework.web.servlet.resource.ResourceHttpRequestHandler#1'
org.springframework.web.servlet.handler.SimpleUrlHandlerMapping 2017-10-28 22:10:14 -- INFO -- Mapped URL path [/js/**] onto handler 'org.springframework.web.servlet.resource.ResourceHttpRequestHandler#2'
org.springframework.web.servlet.handler.SimpleUrlHandlerMapping 2017-10-28 22:10:14 -- INFO -- Mapped URL path [/upload/**] onto handler 'org.springframework.web.servlet.resource.ResourceHttpRequestHandler#3'
org.springframework.web.servlet.DispatcherServlet 2017-10-28 22:10:14 -- INFO -- FrameworkServlet 'springmvc': initialization completed in 1090 ms
org.springframework.web.servlet.DispatcherServlet 2017-10-28 22:14:25 -- INFO -- FrameworkServlet 'springmvc': initialization started
org.springframework.web.context.support.XmlWebApplicationContext 2017-10-28 22:14:25 -- INFO -- Refreshing WebApplicationContext for namespace 'springmvc-servlet': startup date [Sat Oct 28 22:14:25 CST 2017]; parent: Root WebApplicationContext
org.springframework.beans.factory.xml.XmlBeanDefinitionReader 2017-10-28 22:14:25 -- INFO -- Loading XML bean definitions from class path resource [spring-servlet.xml]
org.springframework.web.servlet.mvc.method.annotation.RequestMappingHandlerMapping 2017-10-28 22:14:26 -- INFO -- Mapped "{[/user/save],methods=[],params=[],headers=[],consumes=[],produces=[],custom=[]}" onto public com.ssm.common.JsonResult com.ssm.user.controller.UserController.save(com.ssm.user.vo.UserVO)
org.springframework.web.servlet.mvc.method.annotation.RequestMappingHandlerMapping 2017-10-28 22:14:26 -- INFO -- Mapped "{[/user/delete],methods=[],params=[],headers=[],consumes=[],produces=[],custom=[]}" onto public com.ssm.common.JsonResult com.ssm.user.controller.UserController.delete(java.lang.Integer)
org.springframework.web.servlet.mvc.method.annotation.RequestMappingHandlerMapping 2017-10-28 22:14:26 -- INFO -- Mapped "{[/user/update],methods=[],params=[],headers=[],consumes=[],produces=[],custom=[]}" onto public com.ssm.common.JsonResult com.ssm.user.controller.UserController.update(com.ssm.user.vo.UserVO)
org.springframework.web.servlet.mvc.method.annotation.RequestMappingHandlerMapping 2017-10-28 22:14:26 -- INFO -- Mapped "{[/user/select],methods=[],params=[],headers=[],consumes=[],produces=[],custom=[]}" onto public com.ssm.common.JsonResult com.ssm.user.controller.UserController.select()
org.springframework.web.servlet.handler.SimpleUrlHandlerMapping 2017-10-28 22:14:27 -- INFO -- Mapped URL path [/css/**] onto handler 'org.springframework.web.servlet.resource.ResourceHttpRequestHandler#0'
org.springframework.web.servlet.handler.SimpleUrlHandlerMapping 2017-10-28 22:14:27 -- INFO -- Mapped URL path [/images/**] onto handler 'org.springframework.web.servlet.resource.ResourceHttpRequestHandler#1'
org.springframework.web.servlet.handler.SimpleUrlHandlerMapping 2017-10-28 22:14:27 -- INFO -- Mapped URL path [/js/**] onto handler 'org.springframework.web.servlet.resource.ResourceHttpRequestHandler#2'
org.springframework.web.servlet.handler.SimpleUrlHandlerMapping 2017-10-28 22:14:27 -- INFO -- Mapped URL path [/upload/**] onto handler 'org.springframework.web.servlet.resource.ResourceHttpRequestHandler#3'
org.springframework.web.servlet.DispatcherServlet 2017-10-28 22:14:27 -- INFO -- FrameworkServlet 'springmvc': initialization completed in 1285 ms
org.springframework.web.servlet.DispatcherServlet 2017-10-28 22:33:29 -- INFO -- FrameworkServlet 'springmvc': initialization started
org.springframework.web.context.support.XmlWebApplicationContext 2017-10-28 22:33:29 -- INFO -- Refreshing WebApplicationContext for namespace 'springmvc-servlet': startup date [Sat Oct 28 22:33:29 CST 2017]; parent: Root WebApplicationContext
org.springframework.beans.factory.xml.XmlBeanDefinitionReader 2017-10-28 22:33:29 -- INFO -- Loading XML bean definitions from class path resource [spring-servlet.xml]
org.springframework.web.servlet.mvc.method.annotation.RequestMappingHandlerMapping 2017-10-28 22:33:29 -- INFO -- Mapped "{[/menu/news],methods=[GET],params=[],headers=[],consumes=[],produces=[],custom=[]}" onto public java.lang.String com.ssm.menu.controller.MenuController.toNews()
org.springframework.web.servlet.mvc.method.annotation.RequestMappingHandlerMapping 2017-10-28 22:33:29 -- INFO -- Mapped "{[/user/save],methods=[],params=[],headers=[],consumes=[],produces=[],custom=[]}" onto public com.ssm.common.JsonResult com.ssm.user.controller.UserController.save(com.ssm.user.vo.UserVO)
org.springframework.web.servlet.mvc.method.annotation.RequestMappingHandlerMapping 2017-10-28 22:33:29 -- INFO -- Mapped "{[/user/delete],methods=[],params=[],headers=[],consumes=[],produces=[],custom=[]}" onto public com.ssm.common.JsonResult com.ssm.user.controller.UserController.delete(java.lang.Integer)
org.springframework.web.servlet.mvc.method.annotation.RequestMappingHandlerMapping 2017-10-28 22:33:29 -- INFO -- Mapped "{[/user/update],methods=[],params=[],headers=[],consumes=[],produces=[],custom=[]}" onto public com.ssm.common.JsonResult com.ssm.user.controller.UserController.update(com.ssm.user.vo.UserVO)
org.springframework.web.servlet.mvc.method.annotation.RequestMappingHandlerMapping 2017-10-28 22:33:29 -- INFO -- Mapped "{[/user/select],methods=[],params=[],headers=[],consumes=[],produces=[],custom=[]}" onto public com.ssm.common.JsonResult com.ssm.user.controller.UserController.select()
org.springframework.web.servlet.handler.SimpleUrlHandlerMapping 2017-10-28 22:33:30 -- INFO -- Mapped URL path [/css/**] onto handler 'org.springframework.web.servlet.resource.ResourceHttpRequestHandler#0'
org.springframework.web.servlet.handler.SimpleUrlHandlerMapping 2017-10-28 22:33:30 -- INFO -- Mapped URL path [/images/**] onto handler 'org.springframework.web.servlet.resource.ResourceHttpRequestHandler#1'
org.springframework.web.servlet.handler.SimpleUrlHandlerMapping 2017-10-28 22:33:30 -- INFO -- Mapped URL path [/js/**] onto handler 'org.springframework.web.servlet.resource.ResourceHttpRequestHandler#2'
org.springframework.web.servlet.handler.SimpleUrlHandlerMapping 2017-10-28 22:33:30 -- INFO -- Mapped URL path [/upload/**] onto handler 'org.springframework.web.servlet.resource.ResourceHttpRequestHandler#3'
org.springframework.web.servlet.DispatcherServlet 2017-10-28 22:33:30 -- INFO -- FrameworkServlet 'springmvc': initialization completed in 1200 ms
org.springframework.web.servlet.DispatcherServlet 2017-10-28 22:34:30 -- INFO -- FrameworkServlet 'springmvc': initialization started
org.springframework.web.context.support.XmlWebApplicationContext 2017-10-28 22:34:30 -- INFO -- Refreshing WebApplicationContext for namespace 'springmvc-servlet': startup date [Sat Oct 28 22:34:30 CST 2017]; parent: Root WebApplicationContext
org.springframework.beans.factory.xml.XmlBeanDefinitionReader 2017-10-28 22:34:30 -- INFO -- Loading XML bean definitions from class path resource [spring-servlet.xml]
org.springframework.web.servlet.mvc.method.annotation.RequestMappingHandlerMapping 2017-10-28 22:34:31 -- INFO -- Mapped "{[/menu/news],methods=[GET],params=[],headers=[],consumes=[],produces=[],custom=[]}" onto public java.lang.String com.ssm.menu.controller.MenuController.toNews()
org.springframework.web.servlet.mvc.method.annotation.RequestMappingHandlerMapping 2017-10-28 22:34:31 -- INFO -- Mapped "{[/user/save],methods=[],params=[],headers=[],consumes=[],produces=[],custom=[]}" onto public com.ssm.common.JsonResult com.ssm.user.controller.UserController.save(com.ssm.user.vo.UserVO)
org.springframework.web.servlet.mvc.method.annotation.RequestMappingHandlerMapping 2017-10-28 22:34:31 -- INFO -- Mapped "{[/user/delete],methods=[],params=[],headers=[],consumes=[],produces=[],custom=[]}" onto public com.ssm.common.JsonResult com.ssm.user.controller.UserController.delete(java.lang.Integer)
org.springframework.web.servlet.mvc.method.annotation.RequestMappingHandlerMapping 2017-10-28 22:34:31 -- INFO -- Mapped "{[/user/update],methods=[],params=[],headers=[],consumes=[],produces=[],custom=[]}" onto public com.ssm.common.JsonResult com.ssm.user.controller.UserController.update(com.ssm.user.vo.UserVO)
org.springframework.web.servlet.mvc.method.annotation.RequestMappingHandlerMapping 2017-10-28 22:34:31 -- INFO -- Mapped "{[/user/select],methods=[],params=[],headers=[],consumes=[],produces=[],custom=[]}" onto public com.ssm.common.JsonResult com.ssm.user.controller.UserController.select()
org.springframework.web.servlet.handler.SimpleUrlHandlerMapping 2017-10-28 22:34:32 -- INFO -- Mapped URL path [/css/**] onto handler 'org.springframework.web.servlet.resource.ResourceHttpRequestHandler#0'
org.springframework.web.servlet.handler.SimpleUrlHandlerMapping 2017-10-28 22:34:32 -- INFO -- Mapped URL path [/images/**] onto handler 'org.springframework.web.servlet.resource.ResourceHttpRequestHandler#1'
org.springframework.web.servlet.handler.SimpleUrlHandlerMapping 2017-10-28 22:34:32 -- INFO -- Mapped URL path [/js/**] onto handler 'org.springframework.web.servlet.resource.ResourceHttpRequestHandler#2'
org.springframework.web.servlet.handler.SimpleUrlHandlerMapping 2017-10-28 22:34:32 -- INFO -- Mapped URL path [/upload/**] onto handler 'org.springframework.web.servlet.resource.ResourceHttpRequestHandler#3'
org.springframework.web.servlet.DispatcherServlet 2017-10-28 22:34:32 -- INFO -- FrameworkServlet 'springmvc': initialization completed in 1175 ms
org.springframework.web.servlet.DispatcherServlet 2017-10-29 22:19:07 -- INFO -- FrameworkServlet 'springmvc': initialization started
org.springframework.web.context.support.XmlWebApplicationContext 2017-10-29 22:19:07 -- INFO -- Refreshing WebApplicationContext for namespace 'springmvc-servlet': startup date [Sun Oct 29 22:19:07 CST 2017]; parent: Root WebApplicationContext
org.springframework.beans.factory.xml.XmlBeanDefinitionReader 2017-10-29 22:19:07 -- INFO -- Loading XML bean definitions from class path resource [spring-servlet.xml]
org.springframework.web.servlet.mvc.method.annotation.RequestMappingHandlerMapping 2017-10-29 22:19:08 -- INFO -- Mapped "{[/menu/news],methods=[GET],params=[],headers=[],consumes=[],produces=[],custom=[]}" onto public java.lang.String com.ssm.menu.controller.MenuController.toNews()
org.springframework.web.servlet.mvc.method.annotation.RequestMappingHandlerMapping 2017-10-29 22:19:08 -- INFO -- Mapped "{[/user/save],methods=[],params=[],headers=[],consumes=[],produces=[],custom=[]}" onto public com.ssm.common.JsonResult com.ssm.user.controller.UserController.save(com.ssm.user.vo.UserVO)
org.springframework.web.servlet.mvc.method.annotation.RequestMappingHandlerMapping 2017-10-29 22:19:08 -- INFO -- Mapped "{[/user/delete],methods=[],params=[],headers=[],consumes=[],produces=[],custom=[]}" onto public com.ssm.common.JsonResult com.ssm.user.controller.UserController.delete(java.lang.Integer)
org.springframework.web.servlet.mvc.method.annotation.RequestMappingHandlerMapping 2017-10-29 22:19:08 -- INFO -- Mapped "{[/user/update],methods=[],params=[],headers=[],consumes=[],produces=[],custom=[]}" onto public com.ssm.common.JsonResult com.ssm.user.controller.UserController.update(com.ssm.user.vo.UserVO)
org.springframework.web.servlet.mvc.method.annotation.RequestMappingHandlerMapping 2017-10-29 22:19:08 -- INFO -- Mapped "{[/user/select],methods=[],params=[],headers=[],consumes=[],produces=[],custom=[]}" onto public com.ssm.common.JsonResult com.ssm.user.controller.UserController.select()
org.springframework.web.servlet.handler.SimpleUrlHandlerMapping 2017-10-29 22:19:09 -- INFO -- Mapped URL path [/css/**] onto handler 'org.springframework.web.servlet.resource.ResourceHttpRequestHandler#0'
org.springframework.web.servlet.handler.SimpleUrlHandlerMapping 2017-10-29 22:19:09 -- INFO -- Mapped URL path [/images/**] onto handler 'org.springframework.web.servlet.resource.ResourceHttpRequestHandler#1'
org.springframework.web.servlet.handler.SimpleUrlHandlerMapping 2017-10-29 22:19:09 -- INFO -- Mapped URL path [/js/**] onto handler 'org.springframework.web.servlet.resource.ResourceHttpRequestHandler#2'
org.springframework.web.servlet.handler.SimpleUrlHandlerMapping 2017-10-29 22:19:09 -- INFO -- Mapped URL path [/upload/**] onto handler 'org.springframework.web.servlet.resource.ResourceHttpRequestHandler#3'
org.springframework.web.servlet.DispatcherServlet 2017-10-29 22:19:09 -- INFO -- FrameworkServlet 'springmvc': initialization completed in 2393 ms
org.springframework.web.servlet.DispatcherServlet 2017-10-29 22:46:30 -- INFO -- FrameworkServlet 'springmvc': initialization started
org.springframework.web.context.support.XmlWebApplicationContext 2017-10-29 22:46:30 -- INFO -- Refreshing WebApplicationContext for namespace 'springmvc-servlet': startup date [Sun Oct 29 22:46:30 CST 2017]; parent: Root WebApplicationContext
org.springframework.beans.factory.xml.XmlBeanDefinitionReader 2017-10-29 22:46:30 -- INFO -- Loading XML bean definitions from class path resource [spring-servlet.xml]
org.springframework.web.servlet.mvc.method.annotation.RequestMappingHandlerMapping 2017-10-29 22:46:30 -- INFO -- Mapped "{[/menu/news],methods=[GET],params=[],headers=[],consumes=[],produces=[],custom=[]}" onto public java.lang.String com.ssm.menu.controller.MenuController.toNews()
org.springframework.web.servlet.mvc.method.annotation.RequestMappingHandlerMapping 2017-10-29 22:46:30 -- INFO -- Mapped "{[/user/save],methods=[],params=[],headers=[],consumes=[],produces=[],custom=[]}" onto public com.ssm.common.JsonResult com.ssm.user.controller.UserController.save(com.ssm.user.vo.UserVO)
org.springframework.web.servlet.mvc.method.annotation.RequestMappingHandlerMapping 2017-10-29 22:46:30 -- INFO -- Mapped "{[/user/delete],methods=[],params=[],headers=[],consumes=[],produces=[],custom=[]}" onto public com.ssm.common.JsonResult com.ssm.user.controller.UserController.delete(java.lang.Integer)
org.springframework.web.servlet.mvc.method.annotation.RequestMappingHandlerMapping 2017-10-29 22:46:30 -- INFO -- Mapped "{[/user/update],methods=[],params=[],headers=[],consumes=[],produces=[],custom=[]}" onto public com.ssm.common.JsonResult com.ssm.user.controller.UserController.update(com.ssm.user.vo.UserVO)
org.springframework.web.servlet.mvc.method.annotation.RequestMappingHandlerMapping 2017-10-29 22:46:30 -- INFO -- Mapped "{[/user/select],methods=[],params=[],headers=[],consumes=[],produces=[],custom=[]}" onto public com.ssm.common.JsonResult com.ssm.user.controller.UserController.select()
org.springframework.web.servlet.handler.SimpleUrlHandlerMapping 2017-10-29 22:46:31 -- INFO -- Mapped URL path [/css/**] onto handler 'org.springframework.web.servlet.resource.ResourceHttpRequestHandler#0'
org.springframework.web.servlet.handler.SimpleUrlHandlerMapping 2017-10-29 22:46:31 -- INFO -- Mapped URL path [/images/**] onto handler 'org.springframework.web.servlet.resource.ResourceHttpRequestHandler#1'
org.springframework.web.servlet.handler.SimpleUrlHandlerMapping 2017-10-29 22:46:31 -- INFO -- Mapped URL path [/js/**] onto handler 'org.springframework.web.servlet.resource.ResourceHttpRequestHandler#2'
org.springframework.web.servlet.handler.SimpleUrlHandlerMapping 2017-10-29 22:46:31 -- INFO -- Mapped URL path [/upload/**] onto handler 'org.springframework.web.servlet.resource.ResourceHttpRequestHandler#3'
org.springframework.web.servlet.DispatcherServlet 2017-10-29 22:46:31 -- INFO -- FrameworkServlet 'springmvc': initialization completed in 1348 ms
org.springframework.web.servlet.DispatcherServlet 2017-10-29 23:00:39 -- INFO -- FrameworkServlet 'springmvc': initialization started
org.springframework.web.context.support.XmlWebApplicationContext 2017-10-29 23:00:39 -- INFO -- Refreshing WebApplicationContext for namespace 'springmvc-servlet': startup date [Sun Oct 29 23:00:39 CST 2017]; parent: Root WebApplicationContext
org.springframework.beans.factory.xml.XmlBeanDefinitionReader 2017-10-29 23:00:39 -- INFO -- Loading XML bean definitions from class path resource [spring-servlet.xml]
org.springframework.web.servlet.mvc.method.annotation.RequestMappingHandlerMapping 2017-10-29 23:00:39 -- INFO -- Mapped "{[/user/save],methods=[],params=[],headers=[],consumes=[],produces=[],custom=[]}" onto public com.ssm.common.JsonResult com.ssm.user.controller.UserController.save(com.ssm.user.vo.UserVO)
org.springframework.web.servlet.mvc.method.annotation.RequestMappingHandlerMapping 2017-10-29 23:00:39 -- INFO -- Mapped "{[/user/delete],methods=[],params=[],headers=[],consumes=[],produces=[],custom=[]}" onto public com.ssm.common.JsonResult com.ssm.user.controller.UserController.delete(java.lang.Integer)
org.springframework.web.servlet.mvc.method.annotation.RequestMappingHandlerMapping 2017-10-29 23:00:39 -- INFO -- Mapped "{[/user/update],methods=[],params=[],headers=[],consumes=[],produces=[],custom=[]}" onto public com.ssm.common.JsonResult com.ssm.user.controller.UserController.update(com.ssm.user.vo.UserVO)
org.springframework.web.servlet.mvc.method.annotation.RequestMappingHandlerMapping 2017-10-29 23:00:39 -- INFO -- Mapped "{[/user/select],methods=[],params=[],headers=[],consumes=[],produces=[],custom=[]}" onto public com.ssm.common.JsonResult com.ssm.user.controller.UserController.select()
org.springframework.web.servlet.handler.SimpleUrlHandlerMapping 2017-10-29 23:00:40 -- INFO -- Mapped URL path [/css/**] onto handler 'org.springframework.web.servlet.resource.ResourceHttpRequestHandler#0'
org.springframework.web.servlet.handler.SimpleUrlHandlerMapping 2017-10-29 23:00:40 -- INFO -- Mapped URL path [/images/**] onto handler 'org.springframework.web.servlet.resource.ResourceHttpRequestHandler#1'
org.springframework.web.servlet.handler.SimpleUrlHandlerMapping 2017-10-29 23:00:40 -- INFO -- Mapped URL path [/js/**] onto handler 'org.springframework.web.servlet.resource.ResourceHttpRequestHandler#2'
org.springframework.web.servlet.handler.SimpleUrlHandlerMapping 2017-10-29 23:00:40 -- INFO -- Mapped URL path [/upload/**] onto handler 'org.springframework.web.servlet.resource.ResourceHttpRequestHandler#3'
org.springframework.web.servlet.DispatcherServlet 2017-10-29 23:00:40 -- INFO -- FrameworkServlet 'springmvc': initialization completed in 1195 ms
org.springframework.web.servlet.DispatcherServlet 2017-10-29 23:02:40 -- INFO -- FrameworkServlet 'springmvc': initialization started
org.springframework.web.context.support.XmlWebApplicationContext 2017-10-29 23:02:40 -- INFO -- Refreshing WebApplicationContext for namespace 'springmvc-servlet': startup date [Sun Oct 29 23:02:40 CST 2017]; parent: Root WebApplicationContext
org.springframework.beans.factory.xml.XmlBeanDefinitionReader 2017-10-29 23:02:40 -- INFO -- Loading XML bean definitions from class path resource [spring-servlet.xml]
org.springframework.web.servlet.mvc.method.annotation.RequestMappingHandlerMapping 2017-10-29 23:02:40 -- INFO -- Mapped "{[/user/save],methods=[],params=[],headers=[],consumes=[],produces=[],custom=[]}" onto public com.ssm.common.JsonResult com.ssm.user.controller.UserController.save(com.ssm.user.vo.UserVO)
org.springframework.web.servlet.mvc.method.annotation.RequestMappingHandlerMapping 2017-10-29 23:02:40 -- INFO -- Mapped "{[/user/delete],methods=[],params=[],headers=[],consumes=[],produces=[],custom=[]}" onto public com.ssm.common.JsonResult com.ssm.user.controller.UserController.delete(java.lang.Integer)
org.springframework.web.servlet.mvc.method.annotation.RequestMappingHandlerMapping 2017-10-29 23:02:40 -- INFO -- Mapped "{[/user/update],methods=[],params=[],headers=[],consumes=[],produces=[],custom=[]}" onto public com.ssm.common.JsonResult com.ssm.user.controller.UserController.update(com.ssm.user.vo.UserVO)
org.springframework.web.servlet.mvc.method.annotation.RequestMappingHandlerMapping 2017-10-29 23:02:40 -- INFO -- Mapped "{[/user/select],methods=[],params=[],headers=[],consumes=[],produces=[],custom=[]}" onto public com.ssm.common.JsonResult com.ssm.user.controller.UserController.select()
org.springframework.web.servlet.handler.SimpleUrlHandlerMapping 2017-10-29 23:02:41 -- INFO -- Mapped URL path [/css/**] onto handler 'org.springframework.web.servlet.resource.ResourceHttpRequestHandler#0'
org.springframework.web.servlet.handler.SimpleUrlHandlerMapping 2017-10-29 23:02:41 -- INFO -- Mapped URL path [/images/**] onto handler 'org.springframework.web.servlet.resource.ResourceHttpRequestHandler#1'
org.springframework.web.servlet.handler.SimpleUrlHandlerMapping 2017-10-29 23:02:41 -- INFO -- Mapped URL path [/js/**] onto handler 'org.springframework.web.servlet.resource.ResourceHttpRequestHandler#2'
org.springframework.web.servlet.handler.SimpleUrlHandlerMapping 2017-10-29 23:02:41 -- INFO -- Mapped URL path [/upload/**] onto handler 'org.springframework.web.servlet.resource.ResourceHttpRequestHandler#3'
org.springframework.web.servlet.DispatcherServlet 2017-10-29 23:02:41 -- INFO -- FrameworkServlet 'springmvc': initialization completed in 1177 ms
org.springframework.web.servlet.DispatcherServlet 2017-10-29 23:04:25 -- INFO -- FrameworkServlet 'springmvc': initialization started
org.springframework.web.context.support.XmlWebApplicationContext 2017-10-29 23:04:25 -- INFO -- Refreshing WebApplicationContext for namespace 'springmvc-servlet': startup date [Sun Oct 29 23:04:25 CST 2017]; parent: Root WebApplicationContext
org.springframework.beans.factory.xml.XmlBeanDefinitionReader 2017-10-29 23:04:25 -- INFO -- Loading XML bean definitions from class path resource [spring-servlet.xml]
org.springframework.web.servlet.mvc.method.annotation.RequestMappingHandlerMapping 2017-10-29 23:04:26 -- INFO -- Mapped "{[/user/save],methods=[],params=[],headers=[],consumes=[],produces=[],custom=[]}" onto public com.ssm.common.JsonResult com.ssm.user.controller.UserController.save(com.ssm.user.vo.UserVO)
org.springframework.web.servlet.mvc.method.annotation.RequestMappingHandlerMapping 2017-10-29 23:04:26 -- INFO -- Mapped "{[/user/delete],methods=[],params=[],headers=[],consumes=[],produces=[],custom=[]}" onto public com.ssm.common.JsonResult com.ssm.user.controller.UserController.delete(java.lang.Integer)
org.springframework.web.servlet.mvc.method.annotation.RequestMappingHandlerMapping 2017-10-29 23:04:26 -- INFO -- Mapped "{[/user/update],methods=[],params=[],headers=[],consumes=[],produces=[],custom=[]}" onto public com.ssm.common.JsonResult com.ssm.user.controller.UserController.update(com.ssm.user.vo.UserVO)
org.springframework.web.servlet.mvc.method.annotation.RequestMappingHandlerMapping 2017-10-29 23:04:26 -- INFO -- Mapped "{[/user/select],methods=[],params=[],headers=[],consumes=[],produces=[],custom=[]}" onto public com.ssm.common.JsonResult com.ssm.user.controller.UserController.select()
org.springframework.web.servlet.handler.SimpleUrlHandlerMapping 2017-10-29 23:04:27 -- INFO -- Mapped URL path [/css/**] onto handler 'org.springframework.web.servlet.resource.ResourceHttpRequestHandler#0'
org.springframework.web.servlet.handler.SimpleUrlHandlerMapping 2017-10-29 23:04:27 -- INFO -- Mapped URL path [/images/**] onto handler 'org.springframework.web.servlet.resource.ResourceHttpRequestHandler#1'
org.springframework.web.servlet.handler.SimpleUrlHandlerMapping 2017-10-29 23:04:27 -- INFO -- Mapped URL path [/js/**] onto handler 'org.springframework.web.servlet.resource.ResourceHttpRequestHandler#2'
org.springframework.web.servlet.handler.SimpleUrlHandlerMapping 2017-10-29 23:04:27 -- INFO -- Mapped URL path [/upload/**] onto handler 'org.springframework.web.servlet.resource.ResourceHttpRequestHandler#3'
org.springframework.web.servlet.DispatcherServlet 2017-10-29 23:04:27 -- INFO -- FrameworkServlet 'springmvc': initialization completed in 1591 ms
org.springframework.web.servlet.DispatcherServlet 2017-10-29 23:04:52 -- INFO -- FrameworkServlet 'springmvc': initialization started
org.springframework.web.context.support.XmlWebApplicationContext 2017-10-29 23:04:52 -- INFO -- Refreshing WebApplicationContext for namespace 'springmvc-servlet': startup date [Sun Oct 29 23:04:52 CST 2017]; parent: Root WebApplicationContext
org.springframework.beans.factory.xml.XmlBeanDefinitionReader 2017-10-29 23:04:52 -- INFO -- Loading XML bean definitions from class path resource [spring-servlet.xml]
org.springframework.web.servlet.mvc.method.annotation.RequestMappingHandlerMapping 2017-10-29 23:04:53 -- INFO -- Mapped "{[/user/save],methods=[],params=[],headers=[],consumes=[],produces=[],custom=[]}" onto public com.ssm.common.JsonResult com.ssm.user.controller.UserController.save(com.ssm.user.vo.UserVO)
org.springframework.web.servlet.mvc.method.annotation.RequestMappingHandlerMapping 2017-10-29 23:04:53 -- INFO -- Mapped "{[/user/delete],methods=[],params=[],headers=[],consumes=[],produces=[],custom=[]}" onto public com.ssm.common.JsonResult com.ssm.user.controller.UserController.delete(java.lang.Integer)
org.springframework.web.servlet.mvc.method.annotation.RequestMappingHandlerMapping 2017-10-29 23:04:53 -- INFO -- Mapped "{[/user/update],methods=[],params=[],headers=[],consumes=[],produces=[],custom=[]}" onto public com.ssm.common.JsonResult com.ssm.user.controller.UserController.update(com.ssm.user.vo.UserVO)
org.springframework.web.servlet.mvc.method.annotation.RequestMappingHandlerMapping 2017-10-29 23:04:53 -- INFO -- Mapped "{[/user/select],methods=[],params=[],headers=[],consumes=[],produces=[],custom=[]}" onto public com.ssm.common.JsonResult com.ssm.user.controller.UserController.select()
org.springframework.web.servlet.handler.SimpleUrlHandlerMapping 2017-10-29 23:04:53 -- INFO -- Mapped URL path [/css/**] onto handler 'org.springframework.web.servlet.resource.ResourceHttpRequestHandler#0'
org.springframework.web.servlet.handler.SimpleUrlHandlerMapping 2017-10-29 23:04:53 -- INFO -- Mapped URL path [/images/**] onto handler 'org.springframework.web.servlet.resource.ResourceHttpRequestHandler#1'
org.springframework.web.servlet.handler.SimpleUrlHandlerMapping 2017-10-29 23:04:53 -- INFO -- Mapped URL path [/js/**] onto handler 'org.springframework.web.servlet.resource.ResourceHttpRequestHandler#2'
org.springframework.web.servlet.handler.SimpleUrlHandlerMapping 2017-10-29 23:04:53 -- INFO -- Mapped URL path [/upload/**] onto handler 'org.springframework.web.servlet.resource.ResourceHttpRequestHandler#3'
org.springframework.web.servlet.DispatcherServlet 2017-10-29 23:04:53 -- INFO -- FrameworkServlet 'springmvc': initialization completed in 1138 ms
org.springframework.web.servlet.DispatcherServlet 2017-10-29 23:06:06 -- INFO -- FrameworkServlet 'springmvc': initialization started
org.springframework.web.context.support.XmlWebApplicationContext 2017-10-29 23:06:06 -- INFO -- Refreshing WebApplicationContext for namespace 'springmvc-servlet': startup date [Sun Oct 29 23:06:06 CST 2017]; parent: Root WebApplicationContext
org.springframework.beans.factory.xml.XmlBeanDefinitionReader 2017-10-29 23:06:06 -- INFO -- Loading XML bean definitions from class path resource [spring-servlet.xml]
org.springframework.web.servlet.mvc.method.annotation.RequestMappingHandlerMapping 2017-10-29 23:06:07 -- INFO -- Mapped "{[/user/save],methods=[],params=[],headers=[],consumes=[],produces=[],custom=[]}" onto public com.ssm.common.JsonResult com.ssm.user.controller.UserController.save(com.ssm.user.vo.UserVO)
org.springframework.web.servlet.mvc.method.annotation.RequestMappingHandlerMapping 2017-10-29 23:06:07 -- INFO -- Mapped "{[/user/delete],methods=[],params=[],headers=[],consumes=[],produces=[],custom=[]}" onto public com.ssm.common.JsonResult com.ssm.user.controller.UserController.delete(java.lang.Integer)
org.springframework.web.servlet.mvc.method.annotation.RequestMappingHandlerMapping 2017-10-29 23:06:07 -- INFO -- Mapped "{[/user/update],methods=[],params=[],headers=[],consumes=[],produces=[],custom=[]}" onto public com.ssm.common.JsonResult com.ssm.user.controller.UserController.update(com.ssm.user.vo.UserVO)
org.springframework.web.servlet.mvc.method.annotation.RequestMappingHandlerMapping 2017-10-29 23:06:07 -- INFO -- Mapped "{[/user/select],methods=[],params=[],headers=[],consumes=[],produces=[],custom=[]}" onto public com.ssm.common.JsonResult com.ssm.user.controller.UserController.select()
org.springframework.web.servlet.handler.SimpleUrlHandlerMapping 2017-10-29 23:06:07 -- INFO -- Mapped URL path [/css/**] onto handler 'org.springframework.web.servlet.resource.ResourceHttpRequestHandler#0'
org.springframework.web.servlet.handler.SimpleUrlHandlerMapping 2017-10-29 23:06:07 -- INFO -- Mapped URL path [/images/**] onto handler 'org.springframework.web.servlet.resource.ResourceHttpRequestHandler#1'
org.springframework.web.servlet.handler.SimpleUrlHandlerMapping 2017-10-29 23:06:07 -- INFO -- Mapped URL path [/js/**] onto handler 'org.springframework.web.servlet.resource.ResourceHttpRequestHandler#2'
org.springframework.web.servlet.handler.SimpleUrlHandlerMapping 2017-10-29 23:06:07 -- INFO -- Mapped URL path [/upload/**] onto handler 'org.springframework.web.servlet.resource.ResourceHttpRequestHandler#3'
org.springframework.web.servlet.DispatcherServlet 2017-10-29 23:06:07 -- INFO -- FrameworkServlet 'springmvc': initialization completed in 1231 ms
org.springframework.web.servlet.DispatcherServlet 2017-10-29 23:06:42 -- INFO -- FrameworkServlet 'springmvc': initialization started
org.springframework.web.context.support.XmlWebApplicationContext 2017-10-29 23:06:42 -- INFO -- Refreshing WebApplicationContext for namespace 'springmvc-servlet': startup date [Sun Oct 29 23:06:42 CST 2017]; parent: Root WebApplicationContext
org.springframework.beans.factory.xml.XmlBeanDefinitionReader 2017-10-29 23:06:42 -- INFO -- Loading XML bean definitions from class path resource [spring-servlet.xml]
org.springframework.web.servlet.mvc.method.annotation.RequestMappingHandlerMapping 2017-10-29 23:06:43 -- INFO -- Mapped "{[/user/save],methods=[],params=[],headers=[],consumes=[],produces=[],custom=[]}" onto public com.ssm.common.JsonResult com.ssm.user.controller.UserController.save(com.ssm.user.vo.UserVO)
org.springframework.web.servlet.mvc.method.annotation.RequestMappingHandlerMapping 2017-10-29 23:06:43 -- INFO -- Mapped "{[/user/delete],methods=[],params=[],headers=[],consumes=[],produces=[],custom=[]}" onto public com.ssm.common.JsonResult com.ssm.user.controller.UserController.delete(java.lang.Integer)
org.springframework.web.servlet.mvc.method.annotation.RequestMappingHandlerMapping 2017-10-29 23:06:43 -- INFO -- Mapped "{[/user/update],methods=[],params=[],headers=[],consumes=[],produces=[],custom=[]}" onto public com.ssm.common.JsonResult com.ssm.user.controller.UserController.update(com.ssm.user.vo.UserVO)
org.springframework.web.servlet.mvc.method.annotation.RequestMappingHandlerMapping 2017-10-29 23:06:43 -- INFO -- Mapped "{[/user/select],methods=[],params=[],headers=[],consumes=[],produces=[],custom=[]}" onto public com.ssm.common.JsonResult com.ssm.user.controller.UserController.select()
org.springframework.web.servlet.handler.SimpleUrlHandlerMapping 2017-10-29 23:06:43 -- INFO -- Mapped URL path [/css/**] onto handler 'org.springframework.web.servlet.resource.ResourceHttpRequestHandler#0'
org.springframework.web.servlet.handler.SimpleUrlHandlerMapping 2017-10-29 23:06:43 -- INFO -- Mapped URL path [/images/**] onto handler 'org.springframework.web.servlet.resource.ResourceHttpRequestHandler#1'
org.springframework.web.servlet.handler.SimpleUrlHandlerMapping 2017-10-29 23:06:43 -- INFO -- Mapped URL path [/js/**] onto handler 'org.springframework.web.servlet.resource.ResourceHttpRequestHandler#2'
org.springframework.web.servlet.handler.SimpleUrlHandlerMapping 2017-10-29 23:06:43 -- INFO -- Mapped URL path [/upload/**] onto handler 'org.springframework.web.servlet.resource.ResourceHttpRequestHandler#3'
org.springframework.web.servlet.DispatcherServlet 2017-10-29 23:06:43 -- INFO -- FrameworkServlet 'springmvc': initialization completed in 1278 ms
org.springframework.web.servlet.DispatcherServlet 2017-10-29 23:07:13 -- INFO -- FrameworkServlet 'springmvc': initialization started
org.springframework.web.context.support.XmlWebApplicationContext 2017-10-29 23:07:13 -- INFO -- Refreshing WebApplicationContext for namespace 'springmvc-servlet': startup date [Sun Oct 29 23:07:13 CST 2017]; parent: Root WebApplicationContext
org.springframework.beans.factory.xml.XmlBeanDefinitionReader 2017-10-29 23:07:13 -- INFO -- Loading XML bean definitions from class path resource [spring-servlet.xml]
org.springframework.web.servlet.mvc.method.annotation.RequestMappingHandlerMapping 2017-10-29 23:07:13 -- INFO -- Mapped "{[/news/list],methods=[GET],params=[],headers=[],consumes=[],produces=[],custom=[]}" onto public java.lang.String com.ssm.news.controller.NewsController.list()
org.springframework.web.servlet.mvc.method.annotation.RequestMappingHandlerMapping 2017-10-29 23:07:13 -- INFO -- Mapped "{[/news/detali],methods=[GET],params=[],headers=[],consumes=[],produces=[],custom=[]}" onto public java.lang.String com.ssm.news.controller.NewsController.detali()
org.springframework.web.servlet.mvc.method.annotation.RequestMappingHandlerMapping 2017-10-29 23:07:13 -- INFO -- Mapped "{[/user/save],methods=[],params=[],headers=[],consumes=[],produces=[],custom=[]}" onto public com.ssm.common.JsonResult com.ssm.user.controller.UserController.save(com.ssm.user.vo.UserVO)
org.springframework.web.servlet.mvc.method.annotation.RequestMappingHandlerMapping 2017-10-29 23:07:13 -- INFO -- Mapped "{[/user/delete],methods=[],params=[],headers=[],consumes=[],produces=[],custom=[]}" onto public com.ssm.common.JsonResult com.ssm.user.controller.UserController.delete(java.lang.Integer)
org.springframework.web.servlet.mvc.method.annotation.RequestMappingHandlerMapping 2017-10-29 23:07:13 -- INFO -- Mapped "{[/user/update],methods=[],params=[],headers=[],consumes=[],produces=[],custom=[]}" onto public com.ssm.common.JsonResult com.ssm.user.controller.UserController.update(com.ssm.user.vo.UserVO)
org.springframework.web.servlet.mvc.method.annotation.RequestMappingHandlerMapping 2017-10-29 23:07:13 -- INFO -- Mapped "{[/user/select],methods=[],params=[],headers=[],consumes=[],produces=[],custom=[]}" onto public com.ssm.common.JsonResult com.ssm.user.controller.UserController.select()
org.springframework.web.servlet.handler.SimpleUrlHandlerMapping 2017-10-29 23:07:14 -- INFO -- Mapped URL path [/css/**] onto handler 'org.springframework.web.servlet.resource.ResourceHttpRequestHandler#0'
org.springframework.web.servlet.handler.SimpleUrlHandlerMapping 2017-10-29 23:07:14 -- INFO -- Mapped URL path [/images/**] onto handler 'org.springframework.web.servlet.resource.ResourceHttpRequestHandler#1'
org.springframework.web.servlet.handler.SimpleUrlHandlerMapping 2017-10-29 23:07:14 -- INFO -- Mapped URL path [/js/**] onto handler 'org.springframework.web.servlet.resource.ResourceHttpRequestHandler#2'
org.springframework.web.servlet.handler.SimpleUrlHandlerMapping 2017-10-29 23:07:14 -- INFO -- Mapped URL path [/upload/**] onto handler 'org.springframework.web.servlet.resource.ResourceHttpRequestHandler#3'
org.springframework.web.servlet.DispatcherServlet 2017-10-29 23:07:14 -- INFO -- FrameworkServlet 'springmvc': initialization completed in 1227 ms
org.springframework.web.servlet.DispatcherServlet 2017-10-29 23:31:29 -- INFO -- FrameworkServlet 'springmvc': initialization started
org.springframework.web.context.support.XmlWebApplicationContext 2017-10-29 23:31:29 -- INFO -- Refreshing WebApplicationContext for namespace 'springmvc-servlet': startup date [Sun Oct 29 23:31:29 CST 2017]; parent: Root WebApplicationContext
org.springframework.beans.factory.xml.XmlBeanDefinitionReader 2017-10-29 23:31:29 -- INFO -- Loading XML bean definitions from class path resource [spring-servlet.xml]
org.springframework.web.servlet.mvc.method.annotation.RequestMappingHandlerMapping 2017-10-29 23:31:30 -- INFO -- Mapped "{[/news/list],methods=[GET],params=[],headers=[],consumes=[],produces=[],custom=[]}" onto public java.lang.String com.ssm.news.controller.NewsController.list()
org.springframework.web.servlet.mvc.method.annotation.RequestMappingHandlerMapping 2017-10-29 23:31:30 -- INFO -- Mapped "{[/news/detali],methods=[GET],params=[],headers=[],consumes=[],produces=[],custom=[]}" onto public java.lang.String com.ssm.news.controller.NewsController.detali()
org.springframework.web.servlet.mvc.method.annotation.RequestMappingHandlerMapping 2017-10-29 23:31:30 -- INFO -- Mapped "{[/user/save],methods=[],params=[],headers=[],consumes=[],produces=[],custom=[]}" onto public com.ssm.common.JsonResult com.ssm.user.controller.UserController.save(com.ssm.user.vo.UserVO)
org.springframework.web.servlet.mvc.method.annotation.RequestMappingHandlerMapping 2017-10-29 23:31:30 -- INFO -- Mapped "{[/user/delete],methods=[],params=[],headers=[],consumes=[],produces=[],custom=[]}" onto public com.ssm.common.JsonResult com.ssm.user.controller.UserController.delete(java.lang.Integer)
org.springframework.web.servlet.mvc.method.annotation.RequestMappingHandlerMapping 2017-10-29 23:31:30 -- INFO -- Mapped "{[/user/update],methods=[],params=[],headers=[],consumes=[],produces=[],custom=[]}" onto public com.ssm.common.JsonResult com.ssm.user.controller.UserController.update(com.ssm.user.vo.UserVO)
org.springframework.web.servlet.mvc.method.annotation.RequestMappingHandlerMapping 2017-10-29 23:31:30 -- INFO -- Mapped "{[/user/select],methods=[],params=[],headers=[],consumes=[],produces=[],custom=[]}" onto public com.ssm.common.JsonResult com.ssm.user.controller.UserController.select()
org.springframework.web.servlet.handler.SimpleUrlHandlerMapping 2017-10-29 23:31:31 -- INFO -- Mapped URL path [/css/**] onto handler 'org.springframework.web.servlet.resource.ResourceHttpRequestHandler#0'
org.springframework.web.servlet.handler.SimpleUrlHandlerMapping 2017-10-29 23:31:31 -- INFO -- Mapped URL path [/images/**] onto handler 'org.springframework.web.servlet.resource.ResourceHttpRequestHandler#1'
org.springframework.web.servlet.handler.SimpleUrlHandlerMapping 2017-10-29 23:31:31 -- INFO -- Mapped URL path [/js/**] onto handler 'org.springframework.web.servlet.resource.ResourceHttpRequestHandler#2'
org.springframework.web.servlet.handler.SimpleUrlHandlerMapping 2017-10-29 23:31:31 -- INFO -- Mapped URL path [/upload/**] onto handler 'org.springframework.web.servlet.resource.ResourceHttpRequestHandler#3'
org.springframework.web.servlet.DispatcherServlet 2017-10-29 23:31:31 -- INFO -- FrameworkServlet 'springmvc': initialization completed in 1161 ms
